<?xml version="1.0" encoding="UTF-8" ?>
<testsuite tests="6" failures="0" name="com.petstore.runner.TestRunner" time="17.811" errors="0" skipped="0">
  <properties>
[...]
</properties>
  <testcase classname="Adding a Pet" name="Doing a Post Request to add a Pet into the System" time="3.212"/>
  <testcase classname="Retrieving a Pet" name="Doing a Get Request to Retrieve Pet by ID" time="2.417"/>
  <testcase classname="Retrieving a Pet" name="Doing a Get Request to Retrieve Pet by Status" time="6.04"/>
  <testcase classname="Purchase flows for Pet" name="Post Request for Placing a order for a Pet" time="1.345"/>
  <testcase classname="Purchase flows for Pet" name="Get Purchase Order by ID" time="1.622"/>
  <testcase classname="Purchase flows for Pet" name="Delete Purchase Order by ID" time="3.175"/>
</testsuite>