-------------------------------------------------------------------------------
Test set: Retrieving a Pet
-------------------------------------------------------------------------------
Tests run: 2, Failures: 1, Errors: 0, Skipped: 0, Time elapsed: 5.789 s <<< FAILURE! - in Retrieving a Pet
Retrieving a Pet.Doing a Get Request to Retrieve Pet by Status  Time elapsed: 1.455 s  <<< FAILURE!
org.junit.ComparisonFailure: expected:<[4]00> but was:<[2]00>
	at org.junit.Assert.assertEquals(Assert.java:117)
	at org.junit.Assert.assertEquals(Assert.java:146)
	at com.petstore.stepdefinitions.StepDefinitions.api_call_is_success_with_status_code_as(StepDefinitions.java:166)
	at âœ½.API call is success with statusCode as "400"(file:///C:/Users/webonise/TestRun/PetStoreAPIAutomationRepo/src/test/java/com/petstore/features/GetPet.feature:16)

